Build started 03/11/2015 16:53:46.
     1>Project "C:\Users\usuario\Desktop\Pinball-master\SDL Game.vcxproj" on node 2 (Build target(s)).
     1>ClCompile:
         D:\Archivos de programa\Visual Studio\VC\bin\CL.exe /c /ZI /nologo /W3 /WX- /sdl /Od /Oy- /D _MBCS /Gm /RTC1 /MDd /GS /fp:precise /Zc:wchar_t /Zc:forScope /Fo"Debug\\" /Fd"Debug\vc120.pdb" /Gd /TP /analyze- /errorReport:prompt ModulePhysics.cpp
         ModulePhysics.cpp
     1>c:\users\usuario\desktop\pinball-master\modulephysics.cpp(99): warning C4244: '=' : conversion from 'float' to 'int', possible loss of data
     1>c:\users\usuario\desktop\pinball-master\modulephysics.cpp(100): warning C4244: '=' : conversion from 'float' to 'int', possible loss of data
     1>c:\users\usuario\desktop\pinball-master\modulephysics.cpp(163): warning C4018: '<' : signed/unsigned mismatch
     1>c:\users\usuario\desktop\pinball-master\modulephysics.cpp(198): warning C4018: '<' : signed/unsigned mismatch
       Link:
         D:\Archivos de programa\Visual Studio\VC\bin\link.exe /ERRORREPORT:PROMPT /OUT:"C:\Users\usuario\Desktop\Pinball-master\Debug\2D Physics - class 3.exe" /INCREMENTAL /NOLOGO kernel32.lib user32.lib gdi32.lib winspool.lib comdlg32.lib advapi32.lib shell32.lib ole32.lib oleaut32.lib uuid.lib odbc32.lib odbccp32.lib /MANIFEST /MANIFESTUAC:"level='asInvoker' uiAccess='false'" /manifest:embed /DEBUG /PDB:"C:\Users\usuario\Desktop\Pinball-master\Debug\2D Physics - class 3.pdb" /SUBSYSTEM:WINDOWS /TLBID:1 /DYNAMICBASE /NXCOMPAT /IMPLIB:"C:\Users\usuario\Desktop\Pinball-master\Debug\2D Physics - class 3.lib" /MACHINE:X86 Debug\Application.obj
         Debug\log.obj
         Debug\Main.obj
         Debug\ModuleAudio.obj
         Debug\ModuleInput.obj
         Debug\ModulePhysics.obj
         Debug\ModulePlayer.obj
         Debug\ModuleRender.obj
         Debug\ModuleSceneIntro.obj
         Debug\ModuleTextures.obj
         Debug\ModuleWindow.obj
         SDL Game.vcxproj -> C:\Users\usuario\Desktop\Pinball-master\Debug\2D Physics - class 3.exe
     1>Done Building Project "C:\Users\usuario\Desktop\Pinball-master\SDL Game.vcxproj" (Build target(s)).

Build succeeded.

Time Elapsed 00:00:01.22
